This is pdfTeX, Version 3.141592653-2.6-1.40.22 (TeX Live 2021) (preloaded format=pdflatex 2022.1.18)  4 MAY 2023 16:42
entering extended mode
 restricted \write18 enabled.
 file:line:error style messages enabled.
 %&-line parsing enabled.
**"GTM 45 Learning Notes Chapter 1 Discussion"
(./GTM 45 Learning Notes Chapter 1 Discussion.tex
LaTeX2e <2020-10-01> patch level 4
L3 programming layer <2021-02-18> (/usr/local/texlive/2021/texmf-dist/tex/latex/base/article.cls
Document Class: article 2020/04/10 v1.4m Standard LaTeX document class
(/usr/local/texlive/2021/texmf-dist/tex/latex/base/size10.clo
File: size10.clo 2020/04/10 v1.4m Standard LaTeX file (size option)
)
\c@part=\count179
\c@section=\count180
\c@subsection=\count181
\c@subsubsection=\count182
\c@paragraph=\count183
\c@subparagraph=\count184
\c@figure=\count185
\c@table=\count186
\abovecaptionskip=\skip47
\belowcaptionskip=\skip48
\bibindent=\dimen138
) (/usr/local/texlive/2021/texmf-dist/tex/latex/amsmath/amsmath.sty
Package: amsmath 2020/09/23 v2.17i AMS math features
\@mathmargin=\skip49

For additional information on amsmath, use the `?' option.
(/usr/local/texlive/2021/texmf-dist/tex/latex/amsmath/amstext.sty
Package: amstext 2000/06/29 v2.01 AMS text
 (/usr/local/texlive/2021/texmf-dist/tex/latex/amsmath/amsgen.sty
File: amsgen.sty 1999/11/30 v2.0 generic functions
\@emptytoks=\toks15
\ex@=\dimen139
)) (/usr/local/texlive/2021/texmf-dist/tex/latex/amsmath/amsbsy.sty
Package: amsbsy 1999/11/29 v1.2d Bold Symbols
\pmbraise@=\dimen140
) (/usr/local/texlive/2021/texmf-dist/tex/latex/amsmath/amsopn.sty
Package: amsopn 2016/03/08 v2.02 operator names
)
\inf@bad=\count187
LaTeX Info: Redefining \frac on input line 234.
\uproot@=\count188
\leftroot@=\count189
LaTeX Info: Redefining \overline on input line 399.
\classnum@=\count190
\DOTSCASE@=\count191
LaTeX Info: Redefining \ldots on input line 496.
LaTeX Info: Redefining \dots on input line 499.
LaTeX Info: Redefining \cdots on input line 620.
\Mathstrutbox@=\box47
\strutbox@=\box48
\big@size=\dimen141
LaTeX Font Info:    Redeclaring font encoding OML on input line 743.
LaTeX Font Info:    Redeclaring font encoding OMS on input line 744.
\macc@depth=\count192
\c@MaxMatrixCols=\count193
\dotsspace@=\muskip16
\c@parentequation=\count194
\dspbrk@lvl=\count195
\tag@help=\toks16
\row@=\count196
\column@=\count197
\maxfields@=\count198
\andhelp@=\toks17
\eqnshift@=\dimen142
\alignsep@=\dimen143
\tagshift@=\dimen144
\tagwidth@=\dimen145
\totwidth@=\dimen146
\lineht@=\dimen147
\@envbody=\toks18
\multlinegap=\skip50
\multlinetaggap=\skip51
\mathdisplay@stack=\toks19
LaTeX Info: Redefining \[ on input line 2923.
LaTeX Info: Redefining \] on input line 2924.
) (/usr/local/texlive/2021/texmf-dist/tex/latex/amsfonts/amssymb.sty
Package: amssymb 2013/01/14 v3.01 AMS font symbols
 (/usr/local/texlive/2021/texmf-dist/tex/latex/amsfonts/amsfonts.sty
Package: amsfonts 2013/01/14 v3.01 Basic AMSFonts support
\symAMSa=\mathgroup4
\symAMSb=\mathgroup5
LaTeX Font Info:    Redeclaring math symbol \hbar on input line 98.
LaTeX Font Info:    Overwriting math alphabet `\mathfrak' in version `bold'
(Font)                  U/euf/m/n --> U/euf/b/n on input line 106.
)) (/usr/local/texlive/2021/texmf-dist/tex/latex/lm/lmodern.sty
Package: lmodern 2015/05/01 v1.6.1 Latin Modern Fonts
LaTeX Font Info:    Overwriting symbol font `operators' in version `normal'
(Font)                  OT1/cmr/m/n --> OT1/lmr/m/n on input line 22.
LaTeX Font Info:    Overwriting symbol font `letters' in version `normal'
(Font)                  OML/cmm/m/it --> OML/lmm/m/it on input line 23.
LaTeX Font Info:    Overwriting symbol font `symbols' in version `normal'
(Font)                  OMS/cmsy/m/n --> OMS/lmsy/m/n on input line 24.
LaTeX Font Info:    Overwriting symbol font `largesymbols' in version `normal'
(Font)                  OMX/cmex/m/n --> OMX/lmex/m/n on input line 25.
LaTeX Font Info:    Overwriting symbol font `operators' in version `bold'
(Font)                  OT1/cmr/bx/n --> OT1/lmr/bx/n on input line 26.
LaTeX Font Info:    Overwriting symbol font `letters' in version `bold'
(Font)                  OML/cmm/b/it --> OML/lmm/b/it on input line 27.
LaTeX Font Info:    Overwriting symbol font `symbols' in version `bold'
(Font)                  OMS/cmsy/b/n --> OMS/lmsy/b/n on input line 28.
LaTeX Font Info:    Overwriting symbol font `largesymbols' in version `bold'
(Font)                  OMX/cmex/m/n --> OMX/lmex/m/n on input line 29.
LaTeX Font Info:    Overwriting math alphabet `\mathbf' in version `normal'
(Font)                  OT1/cmr/bx/n --> OT1/lmr/bx/n on input line 31.
LaTeX Font Info:    Overwriting math alphabet `\mathsf' in version `normal'
(Font)                  OT1/cmss/m/n --> OT1/lmss/m/n on input line 32.
LaTeX Font Info:    Overwriting math alphabet `\mathit' in version `normal'
(Font)                  OT1/cmr/m/it --> OT1/lmr/m/it on input line 33.
LaTeX Font Info:    Overwriting math alphabet `\mathtt' in version `normal'
(Font)                  OT1/cmtt/m/n --> OT1/lmtt/m/n on input line 34.
LaTeX Font Info:    Overwriting math alphabet `\mathbf' in version `bold'
(Font)                  OT1/cmr/bx/n --> OT1/lmr/bx/n on input line 35.
LaTeX Font Info:    Overwriting math alphabet `\mathsf' in version `bold'
(Font)                  OT1/cmss/bx/n --> OT1/lmss/bx/n on input line 36.
LaTeX Font Info:    Overwriting math alphabet `\mathit' in version `bold'
(Font)                  OT1/cmr/bx/it --> OT1/lmr/bx/it on input line 37.
LaTeX Font Info:    Overwriting math alphabet `\mathtt' in version `bold'
(Font)                  OT1/cmtt/m/n --> OT1/lmtt/m/n on input line 38.
) (/usr/local/texlive/2021/texmf-dist/tex/generic/iftex/iftex.sty
Package: iftex 2020/03/06 v1.0d TeX engine tests
) (/usr/local/texlive/2021/texmf-dist/tex/latex/base/fontenc.sty
Package: fontenc 2020/08/10 v2.0s Standard LaTeX package
LaTeX Font Info:    Trying to load font information for T1+lmr on input line 112.
 (/usr/local/texlive/2021/texmf-dist/tex/latex/lm/t1lmr.fd
File: t1lmr.fd 2015/05/01 v1.6.1 Font defs for Latin Modern
)) (/usr/local/texlive/2021/texmf-dist/tex/latex/base/inputenc.sty
Package: inputenc 2020/08/01 v1.3d Input encoding file
\inpenc@prehook=\toks20
\inpenc@posthook=\toks21
) (/usr/local/texlive/2021/texmf-dist/tex/latex/base/textcomp.sty
Package: textcomp 2020/02/02 v2.0n Standard LaTeX package
) (/usr/local/texlive/2021/texmf-dist/tex/latex/upquote/upquote.sty
Package: upquote 2012/04/19 v1.3 upright-quote and grave-accent glyphs in verbatim
) (/usr/local/texlive/2021/texmf-dist/tex/latex/microtype/microtype.sty
Package: microtype 2021/03/14 v2.8c Micro-typographical refinements (RS)
 (/usr/local/texlive/2021/texmf-dist/tex/latex/graphics/keyval.sty
Package: keyval 2014/10/28 v1.15 key=value parser (DPC)
\KV@toks@=\toks22
)
\MT@toks=\toks23
\MT@count=\count199
LaTeX Info: Redefining \textls on input line 790.
\MT@outer@kern=\dimen148
LaTeX Info: Redefining \textmicrotypecontext on input line 1374.
\MT@listname@count=\count266
 (/usr/local/texlive/2021/texmf-dist/tex/latex/microtype/microtype-pdftex.def
File: microtype-pdftex.def 2021/03/14 v2.8c Definitions specific to pdftex (RS)
LaTeX Info: Redefining \lsstyle on input line 915.
LaTeX Info: Redefining \lslig on input line 915.
\MT@outer@space=\skip52
)
Package microtype Info: Loading configuration file microtype.cfg.
 (/usr/local/texlive/2021/texmf-dist/tex/latex/microtype/microtype.cfg
File: microtype.cfg 2021/03/14 v2.8c microtype main configuration file (RS)
)) (/usr/local/texlive/2021/texmf-dist/tex/latex/parskip/parskip.sty
Package: parskip 2021-03-14 v2.0h non-zero parskip adjustments
 (/usr/local/texlive/2021/texmf-dist/tex/latex/kvoptions/kvoptions.sty
Package: kvoptions 2020-10-07 v3.14 Key value format for package options (HO)
 (/usr/local/texlive/2021/texmf-dist/tex/generic/ltxcmds/ltxcmds.sty
Package: ltxcmds 2020-05-10 v1.25 LaTeX kernel commands for general use (HO)
) (/usr/local/texlive/2021/texmf-dist/tex/generic/kvsetkeys/kvsetkeys.sty
Package: kvsetkeys 2019/12/15 v1.18 Key value parser (HO)
)) (/usr/local/texlive/2021/texmf-dist/tex/latex/etoolbox/etoolbox.sty
Package: etoolbox 2020/10/05 v2.5k e-TeX tools for LaTeX (JAW)
\etb@tempcnta=\count267
)) (/usr/local/texlive/2021/texmf-dist/tex/latex/xcolor/xcolor.sty
Package: xcolor 2016/05/11 v2.12 LaTeX color extensions (UK)
 (/usr/local/texlive/2021/texmf-dist/tex/latex/graphics-cfg/color.cfg
File: color.cfg 2016/01/02 v1.6 sample color configuration
)
Package xcolor Info: Driver file: pdftex.def on input line 225.
 (/usr/local/texlive/2021/texmf-dist/tex/latex/graphics-def/pdftex.def
File: pdftex.def 2020/10/05 v1.2a Graphics/color driver for pdftex
)
Package xcolor Info: Model `cmy' substituted by `cmy0' on input line 1348.
Package xcolor Info: Model `hsb' substituted by `rgb' on input line 1352.
Package xcolor Info: Model `RGB' extended on input line 1364.
Package xcolor Info: Model `HTML' substituted by `rgb' on input line 1366.
Package xcolor Info: Model `Hsb' substituted by `hsb' on input line 1367.
Package xcolor Info: Model `tHsb' substituted by `hsb' on input line 1368.
Package xcolor Info: Model `HSB' substituted by `hsb' on input line 1369.
Package xcolor Info: Model `Gray' substituted by `gray' on input line 1370.
Package xcolor Info: Model `wave' substituted by `hsb' on input line 1371.
) (/usr/local/texlive/2021/texmf-dist/tex/latex/bookmark/bookmark.sty
Package: bookmark 2020-11-06 v1.29 PDF bookmarks (HO)
 (/usr/local/texlive/2021/texmf-dist/tex/latex/hyperref/hyperref.sty
Package: hyperref 2021-02-27 v7.00k Hypertext links for LaTeX
 (/usr/local/texlive/2021/texmf-dist/tex/generic/pdftexcmds/pdftexcmds.sty
Package: pdftexcmds 2020-06-27 v0.33 Utility functions of pdfTeX for LuaTeX (HO)
 (/usr/local/texlive/2021/texmf-dist/tex/generic/infwarerr/infwarerr.sty
Package: infwarerr 2019/12/03 v1.5 Providing info/warning/error messages (HO)
)
Package pdftexcmds Info: \pdf@primitive is available.
Package pdftexcmds Info: \pdf@ifprimitive is available.
Package pdftexcmds Info: \pdfdraftmode found.
) (/usr/local/texlive/2021/texmf-dist/tex/generic/kvdefinekeys/kvdefinekeys.sty
Package: kvdefinekeys 2019-12-19 v1.6 Define keys (HO)
) (/usr/local/texlive/2021/texmf-dist/tex/generic/pdfescape/pdfescape.sty
Package: pdfescape 2019/12/09 v1.15 Implements pdfTeX's escape features (HO)
) (/usr/local/texlive/2021/texmf-dist/tex/latex/hycolor/hycolor.sty
Package: hycolor 2020-01-27 v1.10 Color options for hyperref/bookmark (HO)
) (/usr/local/texlive/2021/texmf-dist/tex/latex/letltxmacro/letltxmacro.sty
Package: letltxmacro 2019/12/03 v1.6 Let assignment for LaTeX macros (HO)
) (/usr/local/texlive/2021/texmf-dist/tex/latex/auxhook/auxhook.sty
Package: auxhook 2019-12-17 v1.6 Hooks for auxiliary files (HO)
)
\@linkdim=\dimen149
\Hy@linkcounter=\count268
\Hy@pagecounter=\count269
 (/usr/local/texlive/2021/texmf-dist/tex/latex/hyperref/pd1enc.def
File: pd1enc.def 2021-02-27 v7.00k Hyperref: PDFDocEncoding definition (HO)
Now handling font encoding PD1 ...
... no UTF-8 mapping file for font encoding PD1
) (/usr/local/texlive/2021/texmf-dist/tex/latex/hyperref/hyperref-langpatches.def
File: hyperref-langpatches.def 2021-02-27 v7.00k Hyperref: patches for babel languages
) (/usr/local/texlive/2021/texmf-dist/tex/generic/intcalc/intcalc.sty
Package: intcalc 2019/12/15 v1.3 Expandable calculations with integers (HO)
) (/usr/local/texlive/2021/texmf-dist/tex/generic/etexcmds/etexcmds.sty
Package: etexcmds 2019/12/15 v1.7 Avoid name clashes with e-TeX commands (HO)
)
\Hy@SavedSpaceFactor=\count270
 (/usr/local/texlive/2021/texmf-dist/tex/latex/hyperref/puenc.def
File: puenc.def 2021-02-27 v7.00k Hyperref: PDF Unicode definition (HO)
Now handling font encoding PU ...
... no UTF-8 mapping file for font encoding PU
)
Package hyperref Info: Option `unicode' set `true' on input line 4073.
Package hyperref Info: Hyper figures OFF on input line 4192.
Package hyperref Info: Link nesting OFF on input line 4197.
Package hyperref Info: Hyper index ON on input line 4200.
Package hyperref Info: Plain pages OFF on input line 4207.
Package hyperref Info: Backreferencing OFF on input line 4212.
Package hyperref Info: Implicit mode ON; LaTeX internals redefined.
Package hyperref Info: Bookmarks ON on input line 4445.
\c@Hy@tempcnt=\count271
 (/usr/local/texlive/2021/texmf-dist/tex/latex/url/url.sty
\Urlmuskip=\muskip17
Package: url 2013/09/16  ver 3.4  Verb mode for urls, etc.
)
LaTeX Info: Redefining \url on input line 4804.
\XeTeXLinkMargin=\dimen150
 (/usr/local/texlive/2021/texmf-dist/tex/generic/bitset/bitset.sty
Package: bitset 2019/12/09 v1.3 Handle bit-vector datatype (HO)
 (/usr/local/texlive/2021/texmf-dist/tex/generic/bigintcalc/bigintcalc.sty
Package: bigintcalc 2019/12/15 v1.5 Expandable calculations on big integers (HO)
))
\Fld@menulength=\count272
\Field@Width=\dimen151
\Fld@charsize=\dimen152
Package hyperref Info: Hyper figures OFF on input line 6075.
Package hyperref Info: Link nesting OFF on input line 6080.
Package hyperref Info: Hyper index ON on input line 6083.
Package hyperref Info: backreferencing OFF on input line 6090.
Package hyperref Info: Link coloring OFF on input line 6095.
Package hyperref Info: Link coloring with OCG OFF on input line 6100.
Package hyperref Info: PDF/A mode OFF on input line 6105.
LaTeX Info: Redefining \ref on input line 6145.
LaTeX Info: Redefining \pageref on input line 6149.
 (/usr/local/texlive/2021/texmf-dist/tex/latex/base/atbegshi-ltx.sty
Package: atbegshi-ltx 2020/08/17 v1.0a Emulation of the original atbegshi package
with kernel methods
)
\Hy@abspage=\count273
\c@Item=\count274
\c@Hfootnote=\count275
)
Package hyperref Info: Driver (autodetected): hpdftex.
 (/usr/local/texlive/2021/texmf-dist/tex/latex/hyperref/hpdftex.def
File: hpdftex.def 2021-02-27 v7.00k Hyperref driver for pdfTeX
 (/usr/local/texlive/2021/texmf-dist/tex/latex/base/atveryend-ltx.sty
Package: atveryend-ltx 2020/08/19 v1.0a Emulation of the original atvery package
with kernel methods
)
\Fld@listcount=\count276
\c@bookmark@seq@number=\count277
 (/usr/local/texlive/2021/texmf-dist/tex/latex/rerunfilecheck/rerunfilecheck.sty
Package: rerunfilecheck 2019/12/05 v1.9 Rerun checks for auxiliary files (HO)
 (/usr/local/texlive/2021/texmf-dist/tex/generic/uniquecounter/uniquecounter.sty
Package: uniquecounter 2019/12/15 v1.4 Provide unlimited unique counter (HO)
)
Package uniquecounter Info: New unique counter `rerunfilecheck' on input line 286.
)
\Hy@SectionHShift=\skip53
) (/usr/local/texlive/2021/texmf-dist/tex/latex/bookmark/bkm-pdftex.def
File: bkm-pdftex.def 2020-11-06 v1.29 bookmark driver for pdfTeX (HO)
\BKM@id=\count278
)) (/usr/local/texlive/2021/texmf-dist/tex/latex/xurl/xurl.sty
Package: xurl 2020/12/30 v 0.09a modify URL breaks
) (/usr/local/texlive/2021/texmf-dist/tex/latex/l3backend/l3backend-pdftex.def
File: l3backend-pdftex.def 2021-03-18 L3 backend support: PDF output (pdfTeX)
\l__color_backend_stack_int=\count279
\l__pdf_internal_box=\box49
)
No file "GTM 45 Learning Notes Chapter 1 Discussion".aux.
\openout1 = `"GTM 45 Learning Notes Chapter 1 Discussion.aux"'.

LaTeX Font Info:    Checking defaults for OML/cmm/m/it on input line 53.
LaTeX Font Info:    ... okay on input line 53.
LaTeX Font Info:    Checking defaults for OMS/cmsy/m/n on input line 53.
LaTeX Font Info:    ... okay on input line 53.
LaTeX Font Info:    Checking defaults for OT1/cmr/m/n on input line 53.
LaTeX Font Info:    ... okay on input line 53.
LaTeX Font Info:    Checking defaults for T1/cmr/m/n on input line 53.
LaTeX Font Info:    ... okay on input line 53.
LaTeX Font Info:    Checking defaults for TS1/cmr/m/n on input line 53.
LaTeX Font Info:    ... okay on input line 53.
LaTeX Font Info:    Checking defaults for OMX/cmex/m/n on input line 53.
LaTeX Font Info:    ... okay on input line 53.
LaTeX Font Info:    Checking defaults for U/cmr/m/n on input line 53.
LaTeX Font Info:    ... okay on input line 53.
LaTeX Font Info:    Checking defaults for PD1/pdf/m/n on input line 53.
LaTeX Font Info:    ... okay on input line 53.
LaTeX Font Info:    Checking defaults for PU/pdf/m/n on input line 53.
LaTeX Font Info:    ... okay on input line 53.
LaTeX Info: Redefining \microtypecontext on input line 53.
Package microtype Info: Generating PDF output.
Package microtype Info: Character protrusion enabled (level 2).
Package microtype Info: Using protrusion set `basicmath'.
Package microtype Info: Automatic font expansion enabled (level 2),
(microtype)             stretch: 20, shrink: 20, step: 1, non-selected.
Package microtype Info: Using default expansion set `alltext-nott'.
LaTeX Info: Redefining \showhyphens on input line 53.
Package microtype Info: No adjustment of tracking.
Package microtype Info: No adjustment of interword spacing.
Package microtype Info: No adjustment of character kerning.
(/usr/local/texlive/2021/texmf-dist/tex/latex/microtype/mt-cmr.cfg
File: mt-cmr.cfg 2013/05/19 v2.2 microtype config. file: Computer Modern Roman (RS)
) (/usr/local/texlive/2021/texmf-dist/tex/context/base/mkii/supp-pdf.mkii
[Loading MPS to PDF converter (version 2006.09.02).]
\scratchcounter=\count280
\scratchdimen=\dimen153
\scratchbox=\box50
\nofMPsegments=\count281
\nofMParguments=\count282
\everyMPshowfont=\toks24
\MPscratchCnt=\count283
\MPscratchDim=\dimen154
\MPnumerator=\count284
\makeMPintoPDFobject=\count285
\everyMPtoPDFconversion=\toks25
)
Package hyperref Info: Link coloring OFF on input line 53.
 (/usr/local/texlive/2021/texmf-dist/tex/latex/hyperref/nameref.sty
Package: nameref 2021-04-02 v2.47 Cross-referencing by name of section
 (/usr/local/texlive/2021/texmf-dist/tex/latex/refcount/refcount.sty
Package: refcount 2019/12/15 v3.6 Data extraction from label references (HO)
) (/usr/local/texlive/2021/texmf-dist/tex/generic/gettitlestring/gettitlestring.sty
Package: gettitlestring 2019/12/15 v1.6 Cleanup title references (HO)
)
\c@section@level=\count286
)
LaTeX Info: Redefining \ref on input line 53.
LaTeX Info: Redefining \pageref on input line 53.
LaTeX Info: Redefining \nameref on input line 53.
LaTeX Font Info:    Trying to load font information for OT1+lmr on input line 62.
 (/usr/local/texlive/2021/texmf-dist/tex/latex/lm/ot1lmr.fd
File: ot1lmr.fd 2015/05/01 v1.6.1 Font defs for Latin Modern
)
LaTeX Font Info:    Trying to load font information for OML+lmm on input line 62.
 (/usr/local/texlive/2021/texmf-dist/tex/latex/lm/omllmm.fd
File: omllmm.fd 2015/05/01 v1.6.1 Font defs for Latin Modern
)
LaTeX Font Info:    Trying to load font information for OMS+lmsy on input line 62.
 (/usr/local/texlive/2021/texmf-dist/tex/latex/lm/omslmsy.fd
File: omslmsy.fd 2015/05/01 v1.6.1 Font defs for Latin Modern
)
LaTeX Font Info:    Trying to load font information for OMX+lmex on input line 62.
 (/usr/local/texlive/2021/texmf-dist/tex/latex/lm/omxlmex.fd
File: omxlmex.fd 2015/05/01 v1.6.1 Font defs for Latin Modern
)
LaTeX Font Info:    External font `lmex10' loaded for size
(Font)              <10> on input line 62.
LaTeX Font Info:    External font `lmex10' loaded for size
(Font)              <7> on input line 62.
LaTeX Font Info:    External font `lmex10' loaded for size
(Font)              <5> on input line 62.
LaTeX Font Info:    Trying to load font information for U+msa on input line 62.
 (/usr/local/texlive/2021/texmf-dist/tex/latex/amsfonts/umsa.fd
File: umsa.fd 2013/01/14 v3.01 AMS symbols A
) (/usr/local/texlive/2021/texmf-dist/tex/latex/microtype/mt-msa.cfg
File: mt-msa.cfg 2006/02/04 v1.1 microtype config. file: AMS symbols (a) (RS)
)
LaTeX Font Info:    Trying to load font information for U+msb on input line 62.
 (/usr/local/texlive/2021/texmf-dist/tex/latex/amsfonts/umsb.fd
File: umsb.fd 2013/01/14 v3.01 AMS symbols B
) (/usr/local/texlive/2021/texmf-dist/tex/latex/microtype/mt-msb.cfg
File: mt-msb.cfg 2005/06/01 v1.0 microtype config. file: AMS symbols (b) (RS)
)
LaTeX Font Info:    Trying to load font information for U+euf on input line 92.
 (/usr/local/texlive/2021/texmf-dist/tex/latex/amsfonts/ueuf.fd
File: ueuf.fd 2013/01/14 v3.01 Euler Fraktur
) (/usr/local/texlive/2021/texmf-dist/tex/latex/microtype/mt-euf.cfg
File: mt-euf.cfg 2006/07/03 v1.1 microtype config. file: AMS Euler Fraktur (RS)
) [1

{/usr/local/texlive/2021/texmf-var/fonts/map/pdftex/updmap/pdftex.map}]
LaTeX Font Info:    Trying to load font information for TS1+lmr on input line 136.
 (/usr/local/texlive/2021/texmf-dist/tex/latex/lm/ts1lmr.fd
File: ts1lmr.fd 2015/05/01 v1.6.1 Font defs for Latin Modern
) [2] [3]

./GTM 45 Learning Notes Chapter 1 Discussion.tex:287: Package amsmath Error: \begin{aligned} allowed only in math mode.

See the amsmath package documentation for explanation.
Type  H <return>  for immediate help.
 ...                                              
                                                  
l.287   \varphi
               (B_nA^\prime)
You're in trouble here.  Try typing  <return>  to proceed.
If that doesn't work, type  X <return>  to quit.

./GTM 45 Learning Notes Chapter 1 Discussion.tex:287: Missing $ inserted.
<inserted text> 
                $
l.287   \varphi
               (B_nA^\prime)
I've inserted a begin-math/end-math symbol since I think
you left one out. Proceed, with fingers crossed.

./GTM 45 Learning Notes Chapter 1 Discussion.tex:291: Missing $ inserted.
<inserted text> 
                $
l.291 \end{aligned}
                   
I've inserted something that you may have forgotten.
(See the <inserted text> above.)
With luck, this will get me unwedged. But if you
really didn't forget anything, try typing `2' now; then
my insertion and my current dilemma will both disappear.


./GTM 45 Learning Notes Chapter 1 Discussion.tex:296: Package amsmath Error: \begin{aligned} allowed only in math mode.

See the amsmath package documentation for explanation.
Type  H <return>  for immediate help.
 ...                                              
                                                  
l.296   \varphi
               \left(\left(\bigcup_{n=1}^\infty A_n\right)A^\prime\right)
You're in trouble here.  Try typing  <return>  to proceed.
If that doesn't work, type  X <return>  to quit.

[4]
./GTM 45 Learning Notes Chapter 1 Discussion.tex:296: Missing $ inserted.
<inserted text> 
                $
l.296   \varphi
               \left(\left(\bigcup_{n=1}^\infty A_n\right)A^\prime\right)
I've inserted a begin-math/end-math symbol since I think
you left one out. Proceed, with fingers crossed.

./GTM 45 Learning Notes Chapter 1 Discussion.tex:300: Missing $ inserted.
<inserted text> 
                $
l.300 \end{aligned}
                   
I've inserted something that you may have forgotten.
(See the <inserted text> above.)
With luck, this will get me unwedged. But if you
really didn't forget anything, try typing `2' now; then
my insertion and my current dilemma will both disappear.


./GTM 45 Learning Notes Chapter 1 Discussion.tex:306: Package amsmath Error: \begin{aligned} allowed only in math mode.

See the amsmath package documentation for explanation.
Type  H <return>  for immediate help.
 ...                                              
                                                  
l.306   \varphi
               ((A_1 - A_2) A^\prime) & = \varphi(A_1 A^\prime) - \varphi(A_...
You're in trouble here.  Try typing  <return>  to proceed.
If that doesn't work, type  X <return>  to quit.

./GTM 45 Learning Notes Chapter 1 Discussion.tex:306: Missing $ inserted.
<inserted text> 
                $
l.306   \varphi
               ((A_1 - A_2) A^\prime) & = \varphi(A_1 A^\prime) - \varphi(A_...
I've inserted a begin-math/end-math symbol since I think
you left one out. Proceed, with fingers crossed.

./GTM 45 Learning Notes Chapter 1 Discussion.tex:307: Missing $ inserted.
<inserted text> 
                $
l.307 \end{aligned}
                   
I've inserted something that you may have forgotten.
(See the <inserted text> above.)
With luck, this will get me unwedged. But if you
really didn't forget anything, try typing `2' now; then
my insertion and my current dilemma will both disappear.


./GTM 45 Learning Notes Chapter 1 Discussion.tex:341: Package amsmath Error: \begin{aligned} allowed only in math mode.

See the amsmath package documentation for explanation.
Type  H <return>  for immediate help.
 ...                                              
                                                  
l.341   A
          - C & = (A - B) - (C-B) \cup (A\cap (B - C))
You're in trouble here.  Try typing  <return>  to proceed.
If that doesn't work, type  X <return>  to quit.

./GTM 45 Learning Notes Chapter 1 Discussion.tex:341: Missing $ inserted.
<inserted text> 
                $
l.341   A
          - C & = (A - B) - (C-B) \cup (A\cap (B - C))
I've inserted a begin-math/end-math symbol since I think
you left one out. Proceed, with fingers crossed.

./GTM 45 Learning Notes Chapter 1 Discussion.tex:342: Missing $ inserted.
<inserted text> 
                $
l.342 \end{aligned}
                   
I've inserted something that you may have forgotten.
(See the <inserted text> above.)
With luck, this will get me unwedged. But if you
really didn't forget anything, try typing `2' now; then
my insertion and my current dilemma will both disappear.

[5] [6] [7] [8] [9] [10]
./GTM 45 Learning Notes Chapter 1 Discussion.tex:704: Missing $ inserted.
<inserted text> 
                $
l.704 \begin{array}{ll}
                       
I've inserted a begin-math/end-math symbol since I think
you left one out. Proceed, with fingers crossed.

./GTM 45 Learning Notes Chapter 1 Discussion.tex:707: Missing $ inserted.
<inserted text> 
                $
l.707 \end{array}
                 
I've inserted something that you may have forgotten.
(See the <inserted text> above.)
With luck, this will get me unwedged. But if you
really didn't forget anything, try typing `2' now; then
my insertion and my current dilemma will both disappear.

[11]

./GTM 45 Learning Notes Chapter 1 Discussion.tex:809: Package inputenc Error: Unicode character （ (U+FF08)
(inputenc)                not set up for use with LaTeX.

See the inputenc package documentation for explanation.
Type  H <return>  for immediate help.
 ...                                              
                                                  
l.809 \(\varphi_n(B_n) = \varphi_n^+(A)\) （
                                             this is possible because of c. on
You may provide a definition with
\DeclareUnicodeCharacter 

[12]

./GTM 45 Learning Notes Chapter 1 Discussion.tex:874: Package amsmath Error: \begin{aligned} allowed only in math mode.

See the amsmath package documentation for explanation.
Type  H <return>  for immediate help.
 ...                                              
                                                  
l.874   \varphi
               \left(\sum_{k=1}^\infty A_k\right) < \varphi_n\left(\sum_{k=1...
You're in trouble here.  Try typing  <return>  to proceed.
If that doesn't work, type  X <return>  to quit.

./GTM 45 Learning Notes Chapter 1 Discussion.tex:874: Missing $ inserted.
<inserted text> 
                $
l.874   \varphi
               \left(\sum_{k=1}^\infty A_k\right) < \varphi_n\left(\sum_{k=1...
I've inserted a begin-math/end-math symbol since I think
you left one out. Proceed, with fingers crossed.

[13]
./GTM 45 Learning Notes Chapter 1 Discussion.tex:875: Missing $ inserted.
<inserted text> 
                $
l.875 \end{aligned}
                   
I've inserted something that you may have forgotten.
(See the <inserted text> above.)
With luck, this will get me unwedged. But if you
really didn't forget anything, try typing `2' now; then
my insertion and my current dilemma will both disappear.

[14]
Overfull \hbox (43.0493pt too wide) detected at line 930
[] \OML/lmm/m/it/10 ' [] \OMS/lmsy/m/n/10 ^^@ \OML/lmm/m/it/10 ^^O < ' [] < [] ' [] \OT1/lmr/m/n/10 + \OML/lmm/m/it/10 ^^O  \OT1/lmr/m/n/10 =[]\OMS/lmsy/m/n/10 )  [] \OML/lmm/m/it/10 ' [] \OMS/lmsy/m/n/10 ^^T \OML/lmm/m/it/10 ' [] \OMS/lmsy/m/n/10 ^^T [] \OML/lmm/m/it/10 ' []
 []


Overfull \hbox (51.08372pt too wide) detected at line 965
\OML/lmm/m/it/10 ^^V [] < ^^O  \OT1/lmr/m/n/10 =[]\OMS/lmsy/m/n/10 )  \OML/lmm/m/it/10 ^^V [] < ^^O  \OT1/lmr/m/n/10 =[]\OMS/lmsy/m/n/10 )  \OML/lmm/m/it/10 ^^V [] < ^^O
 []

[15]
Overfull \hbox (45.73167pt too wide) detected at line 979
\OML/lmm/m/it/10 A[] \OMS/lmsy/m/n/10 ! \OML/lmm/m/it/10 A  \OT1/lmr/m/n/10 =[]\OMS/lmsy/m/n/10 )  \OML/lmm/m/it/10 d\OT1/lmr/m/n/10 (\OML/lmm/m/it/10 A[]; A\OT1/lmr/m/n/10 ) \OMS/lmsy/m/n/10 ! \OT1/lmr/m/n/10 0  =[]\OMS/lmsy/m/n/10 )  \OML/lmm/m/it/10 ^^V\OT1/lmr/m/n/10 (\OML/lmm/m/it/10 A\OT1/lmr/m/n/10 ^^A\OML/lmm/m/it/10 A[]\OT1/lmr/m/n/10 ) \OMS/lmsy/m/n/10 ! \OT1/lmr/m/n/10 0  =[]\OMS/lmsy/m/n/10 )  \OML/lmm/m/it/10 v\OT1/lmr/m/n/10 (\OML/lmm/m/it/10 A\OT1/lmr/m/n/10 ^^A\OML/lmm/m/it/10 A[]\OT1/lmr/m/n/10 ) \OMS/lmsy/m/n/10 ! \OT1/lmr/m/n/10 0  =[]\OMS/lmsy/m/n/10 )  \OML/lmm/m/it/10 v\OT1/lmr/m/n/10 (\OML/lmm/m/it/10 A[]\OT1/lmr/m/n/10 ) \OMS/lmsy/m/n/10 ! \OML/lmm/m/it/10 v\OT1/lmr/m/n/10 (\OML/lmm/m/it/10 A\OT1/lmr/m/n/10 )
 []


Underfull \hbox (badness 2318) in paragraph at lines 1011--1022
[]\T1/lmr/m/n/10 (+20) (For ev-ery $\OML/lmm/m/it/10 ^^O > \OT1/lmr/m/n/10 (+20) 0$\T1/lmr/m/n/10 (+20) , set $\OML/lmm/m/it/10 A[] \OT1/lmr/m/n/10 (+20) = [][] [][] [] []$\T1/lmr/m/n/10 (+20) .
 []

[16]
Overfull \hbox (19.03629pt too wide) detected at line 1044
\OMS/lmsy/m/n/10 j\OML/lmm/m/it/10 '[]\OT1/lmr/m/n/10 (\OML/lmm/m/it/10 B\OT1/lmr/m/n/10 ) \OMS/lmsy/m/n/10 ^^@ \OML/lmm/m/it/10 '[]\OT1/lmr/m/n/10 (\OML/lmm/m/it/10 B\OT1/lmr/m/n/10 )\OMS/lmsy/m/n/10 j ^^T j\OML/lmm/m/it/10 '[]\OT1/lmr/m/n/10 (\OML/lmm/m/it/10 B[]\OT1/lmr/m/n/10 ) \OMS/lmsy/m/n/10 ^^@ \OML/lmm/m/it/10 '[]\OT1/lmr/m/n/10 (\OML/lmm/m/it/10 B\OT1/lmr/m/n/10 )\OMS/lmsy/m/n/10 j \OT1/lmr/m/n/10 + \OMS/lmsy/m/n/10 j\OML/lmm/m/it/10 '[]\OT1/lmr/m/n/10 (\OML/lmm/m/it/10 B[]\OT1/lmr/m/n/10 ) \OMS/lmsy/m/n/10 ^^@ \OML/lmm/m/it/10 '[]\OT1/lmr/m/n/10 (\OML/lmm/m/it/10 B[]\OT1/lmr/m/n/10 )\OMS/lmsy/m/n/10 j \OT1/lmr/m/n/10 + \OMS/lmsy/m/n/10 j\OML/lmm/m/it/10 '[]\OT1/lmr/m/n/10 (\OML/lmm/m/it/10 B[]\OT1/lmr/m/n/10 ) \OMS/lmsy/m/n/10 ^^@ \OML/lmm/m/it/10 '[]\OT1/lmr/m/n/10 (\OML/lmm/m/it/10 B\OT1/lmr/m/n/10 )\OMS/lmsy/m/n/10 j \OT1/lmr/m/n/10 = [] + \OML/lmm/m/it/10 ^^N:
 []

[17]
Overfull \hbox (1.82391pt too wide) detected at line 1090
\OML/lmm/m/it/10 d [] \OT1/lmr/m/n/10 = \OML/lmm/m/it/10 ^^V [] \OT1/lmr/m/n/10 = \OML/lmm/m/it/10 ^^V\OT1/lmr/m/n/10 (\OML/lmm/m/it/10 A[] \OMS/lmsy/m/n/10 \ \OML/lmm/m/it/10 A\OT1/lmr/m/n/10 ) \OMS/lmsy/m/n/10 ^^T \OML/lmm/m/it/10 ^^V\OT1/lmr/m/n/10 (\OML/lmm/m/it/10 A\OT1/lmr/m/n/10 ) \OML/lmm/m/it/10 < ^^N[] < d[];
 []


./GTM 45 Learning Notes Chapter 1 Discussion.tex:1100: Package amsmath Error: \begin{aligned} allowed only in math mode.

See the amsmath package documentation for explanation.
Type  H <return>  for immediate help.
 ...                                              
                                                  
l.1100   \left
              |\varphi_n A\right| & = \left|\varphi_{k_0} A + \varphi_n A - ...
You're in trouble here.  Try typing  <return>  to proceed.
If that doesn't work, type  X <return>  to quit.

./GTM 45 Learning Notes Chapter 1 Discussion.tex:1100: Missing $ inserted.
<inserted text> 
                $
l.1100   \left
              |\varphi_n A\right| & = \left|\varphi_{k_0} A + \varphi_n A - ...
I've inserted a begin-math/end-math symbol since I think
you left one out. Proceed, with fingers crossed.

./GTM 45 Learning Notes Chapter 1 Discussion.tex:1103: Missing $ inserted.
<inserted text> 
                $
l.1103 \end{aligned}
                    
I've inserted something that you may have forgotten.
(See the <inserted text> above.)
With luck, this will get me unwedged. But if you
really didn't forget anything, try typing `2' now; then
my insertion and my current dilemma will both disappear.


./GTM 45 Learning Notes Chapter 1 Discussion.tex:1112: Package amsmath Error: \begin{aligned} allowed only in math mode.

See the amsmath package documentation for explanation.
Type  H <return>  for immediate help.
 ...                                              
                                                  
l.1112   |
          \varphi_{k_0} A| & = |\varphi_n A + \varphi_{k_0}A - \varphi_n A| ...
You're in trouble here.  Try typing  <return>  to proceed.
If that doesn't work, type  X <return>  to quit.

./GTM 45 Learning Notes Chapter 1 Discussion.tex:1112: Missing $ inserted.
<inserted text> 
                $
l.1112   |
          \varphi_{k_0} A| & = |\varphi_n A + \varphi_{k_0}A - \varphi_n A| ...
I've inserted a begin-math/end-math symbol since I think
you left one out. Proceed, with fingers crossed.

./GTM 45 Learning Notes Chapter 1 Discussion.tex:1115: Missing $ inserted.
<inserted text> 
                $
l.1115 \end{aligned}
                    
I've inserted something that you may have forgotten.
(See the <inserted text> above.)
With luck, this will get me unwedged. But if you
really didn't forget anything, try typing `2' now; then
my insertion and my current dilemma will both disappear.


./GTM 45 Learning Notes Chapter 1 Discussion.tex:1121: Package amsmath Error: \begin{aligned} allowed only in math mode.

See the amsmath package documentation for explanation.
Type  H <return>  for immediate help.
 ...                                              
                                                  
l.1121   \left
              |\varphi_n\left(A_0 \cup A\right)-\varphi_{t}\left(A_0 \cup A\...
You're in trouble here.  Try typing  <return>  to proceed.
If that doesn't work, type  X <return>  to quit.

./GTM 45 Learning Notes Chapter 1 Discussion.tex:1121: Missing $ inserted.
<inserted text> 
                $
l.1121   \left
              |\varphi_n\left(A_0 \cup A\right)-\varphi_{t}\left(A_0 \cup A\...
I've inserted a begin-math/end-math symbol since I think
you left one out. Proceed, with fingers crossed.

./GTM 45 Learning Notes Chapter 1 Discussion.tex:1123: Missing $ inserted.
<inserted text> 
                $
l.1123 \end{aligned}
                    
I've inserted something that you may have forgotten.
(See the <inserted text> above.)
With luck, this will get me unwedged. But if you
really didn't forget anything, try typing `2' now; then
my insertion and my current dilemma will both disappear.


Overfull \hbox (48.62555pt too wide) in paragraph at lines 1121--1124
[]$[]$ 
 []

[18] [19] [20]
./GTM 45 Learning Notes Chapter 1 Discussion.tex:1308: Undefined control sequence.
l.1308 \(\exist
                N_\delta\) such that when \(n > N_{\delta}\),
The control sequence at the end of the top line
of your error message was never \def'ed. If you have
misspelled it (e.g., `\hobx'), type `I' and the correct
spelling (e.g., `I\hbox'). Otherwise just continue,
and I'll forget about whatever was undefined.

[21] [22] [23] [24]

./GTM 45 Learning Notes Chapter 1 Discussion.tex:1538: Package amsmath Error: \begin{aligned} allowed only in math mode.

See the amsmath package documentation for explanation.
Type  H <return>  for immediate help.
 ...                                              
                                                  
l.1538   \mu
            \left(\bigcup_{v=0}^\infty \left[\left|X_{m_kn_k+v} - X\right|\g...
You're in trouble here.  Try typing  <return>  to proceed.
If that doesn't work, type  X <return>  to quit.

./GTM 45 Learning Notes Chapter 1 Discussion.tex:1538: Missing $ inserted.
<inserted text> 
                $
l.1538   \mu
            \left(\bigcup_{v=0}^\infty \left[\left|X_{m_kn_k+v} - X\right|\g...
I've inserted a begin-math/end-math symbol since I think
you left one out. Proceed, with fingers crossed.

./GTM 45 Learning Notes Chapter 1 Discussion.tex:1541: Missing $ inserted.
<inserted text> 
                $
l.1541 \end{aligned}
                    
I've inserted something that you may have forgotten.
(See the <inserted text> above.)
With luck, this will get me unwedged. But if you
really didn't forget anything, try typing `2' now; then
my insertion and my current dilemma will both disappear.

[25] [26]

./GTM 45 Learning Notes Chapter 1 Discussion.tex:1629: Package amsmath Error: \begin{aligned} allowed only in math mode.

See the amsmath package documentation for explanation.
Type  H <return>  for immediate help.
 ...                                              
                                                  
l.1629   \mu
             \bigcap_n \bigcup_\nu\left[\left|X_{n+\nu}-X\right| \geqq \epsi...
You're in trouble here.  Try typing  <return>  to proceed.
If that doesn't work, type  X <return>  to quit.

./GTM 45 Learning Notes Chapter 1 Discussion.tex:1629: Missing $ inserted.
<inserted text> 
                $
l.1629   \mu
             \bigcap_n \bigcup_\nu\left[\left|X_{n+\nu}-X\right| \geqq \epsi...
I've inserted a begin-math/end-math symbol since I think
you left one out. Proceed, with fingers crossed.

./GTM 45 Learning Notes Chapter 1 Discussion.tex:1633: Missing $ inserted.
<inserted text> 
                $
l.1633 \end{aligned}
                    
I've inserted something that you may have forgotten.
(See the <inserted text> above.)
With luck, this will get me unwedged. But if you
really didn't forget anything, try typing `2' now; then
my insertion and my current dilemma will both disappear.


./GTM 45 Learning Notes Chapter 1 Discussion.tex:1651: Package amsmath Error: \begin{aligned} allowed only in math mode.

See the amsmath package documentation for explanation.
Type  H <return>  for immediate help.
 ...                                              
                                                  
l.1651   \mu
             \bigcup_\nu\left[\left|X_{n+\nu}-X\right| \geqq \epsilon\right]
You're in trouble here.  Try typing  <return>  to proceed.
If that doesn't work, type  X <return>  to quit.

./GTM 45 Learning Notes Chapter 1 Discussion.tex:1651: Missing $ inserted.
<inserted text> 
                $
l.1651   \mu
             \bigcup_\nu\left[\left|X_{n+\nu}-X\right| \geqq \epsilon\right]
I've inserted a begin-math/end-math symbol since I think
you left one out. Proceed, with fingers crossed.

./GTM 45 Learning Notes Chapter 1 Discussion.tex:1653: Missing $ inserted.
<inserted text> 
                $
l.1653 \end{aligned}
                    
I've inserted something that you may have forgotten.
(See the <inserted text> above.)
With luck, this will get me unwedged. But if you
really didn't forget anything, try typing `2' now; then
my insertion and my current dilemma will both disappear.


./GTM 45 Learning Notes Chapter 1 Discussion.tex:1667: Package amsmath Error: \begin{aligned} allowed only in math mode.

See the amsmath package documentation for explanation.
Type  H <return>  for immediate help.
 ...                                              
                                                  
l.1667   \mu
             \bigcup_\nu\left[\left|X_{n+\nu}-X\right| \geqq \epsilon\right]
You're in trouble here.  Try typing  <return>  to proceed.
If that doesn't work, type  X <return>  to quit.

./GTM 45 Learning Notes Chapter 1 Discussion.tex:1667: Missing $ inserted.
<inserted text> 
                $
l.1667   \mu
             \bigcup_\nu\left[\left|X_{n+\nu}-X\right| \geqq \epsilon\right]
I've inserted a begin-math/end-math symbol since I think
you left one out. Proceed, with fingers crossed.

./GTM 45 Learning Notes Chapter 1 Discussion.tex:1669: Missing $ inserted.
<inserted text> 
                $
l.1669 \end{aligned}
                    
I've inserted something that you may have forgotten.
(See the <inserted text> above.)
With luck, this will get me unwedged. But if you
really didn't forget anything, try typing `2' now; then
my insertion and my current dilemma will both disappear.

[27]

./GTM 45 Learning Notes Chapter 1 Discussion.tex:1680: Package amsmath Error: \begin{aligned} allowed only in math mode.

See the amsmath package documentation for explanation.
Type  H <return>  for immediate help.
 ...                                              
                                                  
l.1680   \mu
             \bigcap_n \bigcup_\nu\left[\left|X_{n+\nu}-X\right| \geqq \epsi...
You're in trouble here.  Try typing  <return>  to proceed.
If that doesn't work, type  X <return>  to quit.

./GTM 45 Learning Notes Chapter 1 Discussion.tex:1680: Missing $ inserted.
<inserted text> 
                $
l.1680   \mu
             \bigcap_n \bigcup_\nu\left[\left|X_{n+\nu}-X\right| \geqq \epsi...
I've inserted a begin-math/end-math symbol since I think
you left one out. Proceed, with fingers crossed.

./GTM 45 Learning Notes Chapter 1 Discussion.tex:1684: Missing $ inserted.
<inserted text> 
                $
l.1684 \end{aligned}
                    
I've inserted something that you may have forgotten.
(See the <inserted text> above.)
With luck, this will get me unwedged. But if you
really didn't forget anything, try typing `2' now; then
my insertion and my current dilemma will both disappear.


./GTM 45 Learning Notes Chapter 1 Discussion.tex:1689: Package amsmath Error: \begin{aligned} allowed only in math mode.

See the amsmath package documentation for explanation.
Type  H <return>  for immediate help.
 ...                                              
                                                  
l.1689   \mu
             \bigcap_n \bigcup_\nu\left[\left|X_{n+\nu}-X\right| \geqq \epsi...
You're in trouble here.  Try typing  <return>  to proceed.
If that doesn't work, type  X <return>  to quit.

./GTM 45 Learning Notes Chapter 1 Discussion.tex:1689: Missing $ inserted.
<inserted text> 
                $
l.1689   \mu
             \bigcap_n \bigcup_\nu\left[\left|X_{n+\nu}-X\right| \geqq \epsi...
I've inserted a begin-math/end-math symbol since I think
you left one out. Proceed, with fingers crossed.

./GTM 45 Learning Notes Chapter 1 Discussion.tex:1693: Missing $ inserted.
<inserted text> 
                $
l.1693 \end{aligned}
                    
I've inserted something that you may have forgotten.
(See the <inserted text> above.)
With luck, this will get me unwedged. But if you
really didn't forget anything, try typing `2' now; then
my insertion and my current dilemma will both disappear.


./GTM 45 Learning Notes Chapter 1 Discussion.tex:1712: Package amsmath Error: \begin{aligned} allowed only in math mode.

See the amsmath package documentation for explanation.
Type  H <return>  for immediate help.
 ...                                              
                                                  
l.1712   \mu
            \left[|X| > c \right]
You're in trouble here.  Try typing  <return>  to proceed.
If that doesn't work, type  X <return>  to quit.

./GTM 45 Learning Notes Chapter 1 Discussion.tex:1712: Missing $ inserted.
<inserted text> 
                $
l.1712   \mu
            \left[|X| > c \right]
I've inserted a begin-math/end-math symbol since I think
you left one out. Proceed, with fingers crossed.

./GTM 45 Learning Notes Chapter 1 Discussion.tex:1716: Missing $ inserted.
<inserted text> 
                $
l.1716 \end{aligned}
                    
I've inserted something that you may have forgotten.
(See the <inserted text> above.)
With luck, this will get me unwedged. But if you
really didn't forget anything, try typing `2' now; then
my insertion and my current dilemma will both disappear.

[28] [29]

./GTM 45 Learning Notes Chapter 1 Discussion.tex:1790: Package amsmath Error: \begin{aligned} allowed only in math mode.

See the amsmath package documentation for explanation.
Type  H <return>  for immediate help.
 ...                                              
                                                  
l.1790            &
                    \varphi^+(A) = \sup_{B\subset A} \varphi_n(A) \xrightarr...
You're in trouble here.  Try typing  <return>  to proceed.
If that doesn't work, type  X <return>  to quit.

./GTM 45 Learning Notes Chapter 1 Discussion.tex:1790: Missing $ inserted.
<inserted text> 
                $
l.1790            &
                    \varphi^+(A) = \sup_{B\subset A} \varphi_n(A) \xrightarr...
I've inserted a begin-math/end-math symbol since I think
you left one out. Proceed, with fingers crossed.

./GTM 45 Learning Notes Chapter 1 Discussion.tex:1793: Missing $ inserted.
<inserted text> 
                $
l.1793 \end{aligned}
                    
I've inserted something that you may have forgotten.
(See the <inserted text> above.)
With luck, this will get me unwedged. But if you
really didn't forget anything, try typing `2' now; then
my insertion and my current dilemma will both disappear.

[30] [31] (./GTM 45 Learning Notes Chapter 1 Discussion.aux)

LaTeX Warning: Label(s) may have changed. Rerun to get cross-references right.

 ) 
Here is how much of TeX's memory you used:
 11975 strings out of 478994
 177312 string characters out of 5858184
 515549 words of memory out of 5000000
 28942 multiletter control sequences out of 15000+600000
 459549 words of font info for 164 fonts, out of 8000000 for 9000
 1141 hyphenation exceptions out of 8191
 85i,18n,88p,545b,410s stack positions out of 5000i,500n,10000p,200000b,80000s
{/usr/local/texlive/2021/texmf-dist/fonts/enc/dvips/lm/lm-ts1.enc}{/usr/local/texlive/2021/texmf-dist/fonts/enc/dvips/lm/lm-ec.enc}{/usr/local/texlive/2021/texmf-dist/fonts/enc/dvips/lm/lm-mathsy.enc}{/usr/local/texlive/2021/texmf-dist/fonts/enc/dvips/lm/lm-rm.enc}{/usr/local/texlive/2021/texmf-dist/fonts/enc/dvips/lm/lm-mathit.enc}{/usr/local/texlive/2021/texmf-dist/fonts/enc/dvips/lm/lm-mathex.enc}</usr/local/texlive/2021/texmf-dist/fonts/type1/public/amsfonts/euler/eufm10.pfb></usr/local/texlive/2021/texmf-dist/fonts/type1/public/lm/lmbx10.pfb></usr/local/texlive/2021/texmf-dist/fonts/type1/public/lm/lmbx12.pfb></usr/local/texlive/2021/texmf-dist/fonts/type1/public/lm/lmbxi10.pfb></usr/local/texlive/2021/texmf-dist/fonts/type1/public/lm/lmex10.pfb></usr/local/texlive/2021/texmf-dist/fonts/type1/public/lm/lmmi10.pfb></usr/local/texlive/2021/texmf-dist/fonts/type1/public/lm/lmmi5.pfb></usr/local/texlive/2021/texmf-dist/fonts/type1/public/lm/lmmi7.pfb></usr/local/texlive/2021/texmf-dist/fonts/type1/public/lm/lmr10.pfb></usr/local/texlive/2021/texmf-dist/fonts/type1/public/lm/lmr5.pfb></usr/local/texlive/2021/texmf-dist/fonts/type1/public/lm/lmr7.pfb></usr/local/texlive/2021/texmf-dist/fonts/type1/public/lm/lmri10.pfb></usr/local/texlive/2021/texmf-dist/fonts/type1/public/lm/lmsy10.pfb></usr/local/texlive/2021/texmf-dist/fonts/type1/public/lm/lmsy5.pfb></usr/local/texlive/2021/texmf-dist/fonts/type1/public/lm/lmsy7.pfb></usr/local/texlive/2021/texmf-dist/fonts/type1/public/amsfonts/symbols/msam10.pfb></usr/local/texlive/2021/texmf-dist/fonts/type1/public/amsfonts/symbols/msam7.pfb></usr/local/texlive/2021/texmf-dist/fonts/type1/public/amsfonts/symbols/msbm10.pfb>
Output written on "GTM 45 Learning Notes Chapter 1 Discussion.pdf" (31 pages, 355590 bytes).
PDF statistics:
 466 PDF objects out of 1000 (max. 8388607)
 410 compressed objects within 5 object streams
 124 named destinations out of 1000 (max. 500000)
 33081 words of extra memory for PDF output out of 35830 (max. 10000000)

